<?xml version="1.0" encoding="UTF-8"?>
<coverage generated="1655238423291" clover="3.2.0">
  <project timestamp="1655238423291" name="All files">
    <metrics statements="16" coveredstatements="15" conditionals="4" coveredconditionals="4" methods="7" coveredmethods="6" elements="27" coveredelements="25" complexity="0" loc="16" ncloc="16" packages="1" files="4" classes="4"/>
    <file name="CapitalizeFirstLetter.js" path="C:\Users\Basir Ahmad\Testing-practice\CapitalizeFirstLetter.js">
      <metrics statements="3" coveredstatements="3" conditionals="0" coveredconditionals="0" methods="1" coveredmethods="1"/>
      <line num="1" count="1" type="stmt"/>
      <line num="2" count="1" type="stmt"/>
      <line num="4" count="1" type="stmt"/>
    </file>
    <file name="StringCount.js" path="C:\Users\Basir Ahmad\Testing-practice\StringCount.js">
      <metrics statements="4" coveredstatements="4" conditionals="4" coveredconditionals="4" methods="1" coveredmethods="1"/>
      <line num="1" count="1" type="stmt"/>
      <line num="2" count="2" type="cond" truecount="4" falsecount="0"/>
      <line num="3" count="1" type="stmt"/>
      <line num="5" count="1" type="stmt"/>
    </file>
    <file name="calculator.js" path="C:\Users\Basir Ahmad\Testing-practice\calculator.js">
      <metrics statements="6" coveredstatements="5" conditionals="0" coveredconditionals="0" methods="4" coveredmethods="3"/>
      <line num="1" count="1" type="stmt"/>
      <line num="2" count="1" type="stmt"/>
      <line num="3" count="0" type="stmt"/>
      <line num="4" count="1" type="stmt"/>
      <line num="5" count="1" type="stmt"/>
      <line num="7" count="1" type="stmt"/>
    </file>
    <file name="reverseString.js" path="C:\Users\Basir Ahmad\Testing-practice\reverseString.js">
      <metrics statements="3" coveredstatements="3" conditionals="0" coveredconditionals="0" methods="1" coveredmethods="1"/>
      <line num="1" count="1" type="stmt"/>
      <line num="2" count="1" type="stmt"/>
      <line num="5" count="1" type="stmt"/>
    </file>
  </project>
</coverage>
