{"C:\\Users\\Basir Ahmad\\Testing-practice\\StringCount.js": {"path":"C:\\Users\\Basir Ahmad\\Testing-practice\\StringCount.js","statementMap":{"0":{"start":{"line":1,"column":23},"end":{"line":4,"column":3}},"1":{"start":{"line":2,"column":4},"end":{"line":2,"column":72}},"2":{"start":{"line":2,"column":51},"end":{"line":2,"column":72}},"3":{"start":{"line":3,"column":4},"end":{"line":3,"column":29}},"4":{"start":{"line":5,"column":2},"end":{"line":5,"column":34}}},"fnMap":{"0":{"name":"(anonymous_0)","decl":{"start":{"line":1,"column":23},"end":{"line":1,"column":24}},"loc":{"start":{"line":1,"column":35},"end":{"line":4,"column":3}},"line":1}},"branchMap":{"0":{"loc":{"start":{"line":2,"column":4},"end":{"line":2,"column":72}},"type":"if","locations":[{"start":{"line":2,"column":4},"end":{"line":2,"column":72}},{"start":{},"end":{}}],"line":2},"1":{"loc":{"start":{"line":2,"column":8},"end":{"line":2,"column":49}},"type":"binary-expr","locations":[{"start":{"line":2,"column":8},"end":{"line":2,"column":26}},{"start":{"line":2,"column":30},"end":{"line":2,"column":49}}],"line":2}},"s":{"0":1,"1":2,"2":1,"3":1,"4":1},"f":{"0":2},"b":{"0":[1,1],"1":[2,1]},"_coverageSchema":"1a1c01bbd47fc00a2c39e90264f33305004495a9","hash":"ce0c9f68fcfe1f16d9e6ee288df49a2e90b3a945"}
}
